{
  "timestamp": "2025-08-08T12:17:10.219300",
  "total_tests": 65,
  "passed": 50,
  "failed": 11,
  "errors": 4,
  "modules": {
    "test_main_page": {
      "tests_run": 3,
      "failures": 0,
      "errors": 0,
      "passed": 3,
      "details": {
        "failures": [],
        "errors": []
      }
    },
    "test_history_endpoints": {
      "tests_run": 10,
      "failures": 1,
      "errors": 1,
      "passed": 8,
      "details": {
        "failures": [
          {
            "test": "test_history_order_chronological_reverse (test_history_endpoints.TestHistoryEndpoints)",
            "error": "Traceback (most recent call last):\n  File \"/home/acarlos/Dropbox/RedHat/Ansible/projetos/ansible_jinja2_playground/tests/test_history_endpoints.py\", line 214, in test_history_order_chronological_reverse\n    self.assertEqual(timestamps, sorted(timestamps, reverse=True))\nAssertionError: Lists differ: ['202[13 chars]:11.143774Z', '2025-08-08T15:17:11.154813Z', '[24 chars]40Z'] != ['202[13 chars]:11.165740Z', '2025-08-08T15:17:11.154813Z', '[24 chars]74Z']\n\nFirst differing element 0:\n'2025-08-08T15:17:11.143774Z'\n'2025-08-08T15:17:11.165740Z'\n\n- ['2025-08-08T15:17:11.143774Z',\n?                        ^^^\n\n+ ['2025-08-08T15:17:11.165740Z',\n?                        ^^  +\n\n   '2025-08-08T15:17:11.154813Z',\n-  '2025-08-08T15:17:11.165740Z']\n?                        ^^  -\n\n+  '2025-08-08T15:17:11.143774Z']\n?                        ^^^\n\n\nStderr:\n127.0.0.1 - - [08/Aug/2025 12:17:11] \"POST /history/clear HTTP/1.1\" 200 -\n127.0.0.1 - - [08/Aug/2025 12:17:11] \"POST /render HTTP/1.1\" 200 -\n127.0.0.1 - - [08/Aug/2025 12:17:11] \"POST /render HTTP/1.1\" 200 -\n127.0.0.1 - - [08/Aug/2025 12:17:11] \"POST /render HTTP/1.1\" 200 -\n127.0.0.1 - - [08/Aug/2025 12:17:11] \"GET /history HTTP/1.1\" 200 -\n"
          }
        ],
        "errors": [
          {
            "test": "test_get_history_empty (test_history_endpoints.TestHistoryEndpoints)",
            "error": "Traceback (most recent call last):\n  File \"/home/acarlos/Dropbox/RedHat/Ansible/projetos/ansible_jinja2_playground/tests/test_history_endpoints.py\", line 26, in test_get_history_empty\n    self.assertEqual(response['headers']['Content-Type'], 'application/json')\nKeyError: 'Content-Type'\n\nStderr:\n127.0.0.1 - - [08/Aug/2025 12:17:11] \"POST /history/clear HTTP/1.1\" 200 -\n127.0.0.1 - - [08/Aug/2025 12:17:11] \"GET /history HTTP/1.1\" 200 -\n"
          }
        ]
      }
    },
    "test_settings_endpoints": {
      "tests_run": 14,
      "failures": 5,
      "errors": 2,
      "passed": 7,
      "details": {
        "failures": [
          {
            "test": "test_get_settings_history_section (test_settings_endpoints.TestSettingsEndpoints)",
            "error": "Traceback (most recent call last):\n  File \"/home/acarlos/Dropbox/RedHat/Ansible/projetos/ansible_jinja2_playground/tests/test_settings_endpoints.py\", line 50, in test_get_settings_history_section\n    self.assertIn('history', data)\nAssertionError: 'history' not found in {'max_entries': '1000'}\n\nStderr:\n127.0.0.1 - - [08/Aug/2025 12:17:11] \"GET /settings?section=history HTTP/1.1\" 200 -\n"
          },
          {
            "test": "test_get_settings_input_files_section (test_settings_endpoints.TestSettingsEndpoints)",
            "error": "Traceback (most recent call last):\n  File \"/home/acarlos/Dropbox/RedHat/Ansible/projetos/ansible_jinja2_playground/tests/test_settings_endpoints.py\", line 61, in test_get_settings_input_files_section\n    self.assertIn('input_files', data)\nAssertionError: 'input_files' not found in {'directory': '/tmp/tmpxaglx27w/inputs'}\n\nStderr:\n127.0.0.1 - - [08/Aug/2025 12:17:11] \"GET /settings?section=input_files HTTP/1.1\" 200 -\n"
          },
          {
            "test": "test_get_settings_no_section (test_settings_endpoints.TestSettingsEndpoints)",
            "error": "Traceback (most recent call last):\n  File \"/home/acarlos/Dropbox/RedHat/Ansible/projetos/ansible_jinja2_playground/tests/test_settings_endpoints.py\", line 77, in test_get_settings_no_section\n    self.assertEqual(response['status_code'], 400)\nAssertionError: 200 != 400\n\nStderr:\n127.0.0.1 - - [08/Aug/2025 12:17:11] \"GET /settings HTTP/1.1\" 200 -\n"
          },
          {
            "test": "test_get_settings_server_section (test_settings_endpoints.TestSettingsEndpoints)",
            "error": "Traceback (most recent call last):\n  File \"/home/acarlos/Dropbox/RedHat/Ansible/projetos/ansible_jinja2_playground/tests/test_settings_endpoints.py\", line 38, in test_get_settings_server_section\n    self.assertIn('server', data)\nAssertionError: 'server' not found in {'host': '127.0.0.1', 'port': '0'}\n\nStderr:\n127.0.0.1 - - [08/Aug/2025 12:17:11] \"GET /settings?section=server HTTP/1.1\" 200 -\n"
          },
          {
            "test": "test_post_settings_input_files_directory (test_settings_endpoints.TestSettingsEndpoints)",
            "error": "Traceback (most recent call last):\n  File \"/home/acarlos/Dropbox/RedHat/Ansible/projetos/ansible_jinja2_playground/tests/test_settings_endpoints.py\", line 130, in test_post_settings_input_files_directory\n    self.assertEqual(response['status_code'], 200)\nAssertionError: 400 != 200\n\nStderr:\n127.0.0.1 - - [08/Aug/2025 12:17:11] \"POST /settings HTTP/1.1\" 400 -\n"
          }
        ],
        "errors": [
          {
            "test": "test_get_settings_user_section (test_settings_endpoints.TestSettingsEndpoints)",
            "error": "Traceback (most recent call last):\n  File \"/home/acarlos/Dropbox/RedHat/Ansible/projetos/ansible_jinja2_playground/tests/test_settings_endpoints.py\", line 20, in test_get_settings_user_section\n    self.assertEqual(response['headers']['Content-Type'], 'application/json')\nKeyError: 'Content-Type'\n\nStderr:\n127.0.0.1 - - [08/Aug/2025 12:17:11] \"GET /settings?section=user HTTP/1.1\" 200 -\n"
          },
          {
            "test": "test_post_settings_user_theme (test_settings_endpoints.TestSettingsEndpoints)",
            "error": "Traceback (most recent call last):\n  File \"/home/acarlos/Dropbox/RedHat/Ansible/projetos/ansible_jinja2_playground/tests/test_settings_endpoints.py\", line 95, in test_post_settings_user_theme\n    self.assertEqual(data['user']['theme'], 'light')\nKeyError: 'user'\n\nStderr:\n127.0.0.1 - - [08/Aug/2025 12:17:11] \"POST /settings HTTP/1.1\" 200 -\n127.0.0.1 - - [08/Aug/2025 12:17:11] \"GET /settings?section=user HTTP/1.1\" 200 -\n"
          }
        ]
      }
    },
    "test_input_files_endpoints": {
      "tests_run": 12,
      "failures": 5,
      "errors": 1,
      "passed": 6,
      "details": {
        "failures": [
          {
            "test": "test_get_input_file_content_directory_request (test_input_files_endpoints.TestInputFilesEndpoints)",
            "error": "Traceback (most recent call last):\n  File \"/home/acarlos/Dropbox/RedHat/Ansible/projetos/ansible_jinja2_playground/tests/test_input_files_endpoints.py\", line 111, in test_get_input_file_content_directory_request\n    self.assertEqual(response['status_code'], 404)\nAssertionError: 403 != 404\n\nStderr:\n127.0.0.1 - - [08/Aug/2025 12:17:12] code 403, message Access denied - path traversal detected\n127.0.0.1 - - [08/Aug/2025 12:17:12] \"GET /input-file-content?filename=. HTTP/1.1\" 403 -\n"
          },
          {
            "test": "test_get_input_file_content_json (test_input_files_endpoints.TestInputFilesEndpoints)",
            "error": "Traceback (most recent call last):\n  File \"/home/acarlos/Dropbox/RedHat/Ansible/projetos/ansible_jinja2_playground/tests/test_input_files_endpoints.py\", line 47, in test_get_input_file_content_json\n    self.assertEqual(response['status_code'], 200)\nAssertionError: 404 != 200\n\nStderr:\n127.0.0.1 - - [08/Aug/2025 12:17:12] code 404, message File not found\n127.0.0.1 - - [08/Aug/2025 12:17:12] \"GET /input-file-content?filename=sample.json HTTP/1.1\" 404 -\n"
          },
          {
            "test": "test_get_input_file_content_loop_example (test_input_files_endpoints.TestInputFilesEndpoints)",
            "error": "Traceback (most recent call last):\n  File \"/home/acarlos/Dropbox/RedHat/Ansible/projetos/ansible_jinja2_playground/tests/test_input_files_endpoints.py\", line 71, in test_get_input_file_content_loop_example\n    self.assertEqual(response['status_code'], 200)\nAssertionError: 404 != 200\n\nStderr:\n127.0.0.1 - - [08/Aug/2025 12:17:12] code 404, message File not found\n127.0.0.1 - - [08/Aug/2025 12:17:12] \"GET /input-file-content?filename=loop_example.json HTTP/1.1\" 404 -\n"
          },
          {
            "test": "test_get_input_file_content_yaml (test_input_files_endpoints.TestInputFilesEndpoints)",
            "error": "Traceback (most recent call last):\n  File \"/home/acarlos/Dropbox/RedHat/Ansible/projetos/ansible_jinja2_playground/tests/test_input_files_endpoints.py\", line 59, in test_get_input_file_content_yaml\n    self.assertEqual(response['status_code'], 200)\nAssertionError: 404 != 200\n\nStderr:\n127.0.0.1 - - [08/Aug/2025 12:17:12] code 404, message File not found\n127.0.0.1 - - [08/Aug/2025 12:17:12] \"GET /input-file-content?filename=sample.yaml HTTP/1.1\" 404 -\n"
          },
          {
            "test": "test_get_input_files_empty_directory (test_input_files_endpoints.TestInputFilesEndpoints)",
            "error": "Traceback (most recent call last):\n  File \"/home/acarlos/Dropbox/RedHat/Ansible/projetos/ansible_jinja2_playground/tests/test_input_files_endpoints.py\", line 42, in test_get_input_files_empty_directory\n    self.assertEqual(files, [])\nAssertionError: Lists differ: ['test.json', 'test.yaml'] != []\n\nFirst list contains 2 additional elements.\nFirst extra element 0:\n'test.json'\n\n- ['test.json', 'test.yaml']\n+ []\n\nStderr:\n127.0.0.1 - - [08/Aug/2025 12:17:12] \"POST /settings HTTP/1.1\" 400 -\n127.0.0.1 - - [08/Aug/2025 12:17:12] \"GET /input-files HTTP/1.1\" 200 -\n"
          }
        ],
        "errors": [
          {
            "test": "test_get_input_files_list (test_input_files_endpoints.TestInputFilesEndpoints)",
            "error": "Traceback (most recent call last):\n  File \"/home/acarlos/Dropbox/RedHat/Ansible/projetos/ansible_jinja2_playground/tests/test_input_files_endpoints.py\", line 20, in test_get_input_files_list\n    self.assertEqual(response['headers']['Content-Type'], 'application/json')\nKeyError: 'Content-Type'\n\nStderr:\n127.0.0.1 - - [08/Aug/2025 12:17:12] \"GET /input-files HTTP/1.1\" 200 -\n"
          }
        ]
      }
    },
    "test_render": {
      "tests_run": 21,
      "failures": 0,
      "errors": 0,
      "passed": 21,
      "details": {
        "failures": [],
        "errors": []
      }
    },
    "test_404": {
      "tests_run": 5,
      "failures": 0,
      "errors": 0,
      "passed": 5,
      "details": {
        "failures": [],
        "errors": []
      }
    }
  },
  "duration": 3.42
}