{
  "timestamp": "2025-08-08T12:27:11.577329",
  "total_tests": 65,
  "passed": 61,
  "failed": 4,
  "errors": 0,
  "modules": {
    "test_main_page": {
      "tests_run": 3,
      "failures": 0,
      "errors": 0,
      "passed": 3,
      "details": {
        "failures": [],
        "errors": []
      }
    },
    "test_history_endpoints": {
      "tests_run": 10,
      "failures": 1,
      "errors": 0,
      "passed": 9,
      "details": {
        "failures": [
          {
            "test": "test_history_order_chronological_reverse (test_history_endpoints.TestHistoryEndpoints)",
            "error": "Traceback (most recent call last):\n  File \"/home/acarlos/Dropbox/RedHat/Ansible/projetos/ansible_jinja2_playground/tests/test_history_endpoints.py\", line 234, in test_history_order_chronological_reverse\n    self.assertGreater(first_time, second_time,\nAssertionError: '2025-08-08T15:27:12.486846Z' not greater than '2025-08-08T15:27:12.688414Z' : History should be in reverse chronological order. First entry time: 2025-08-08T15:27:12.486846Z, Second entry time: 2025-08-08T15:27:12.688414Z\n\nStderr:\n127.0.0.1 - - [08/Aug/2025 12:27:12] \"POST /history/clear HTTP/1.1\" 200 -\n127.0.0.1 - - [08/Aug/2025 12:27:12] \"POST /render HTTP/1.1\" 200 -\n127.0.0.1 - - [08/Aug/2025 12:27:12] \"POST /render HTTP/1.1\" 200 -\n127.0.0.1 - - [08/Aug/2025 12:27:12] \"GET /history HTTP/1.1\" 200 -\n"
          }
        ],
        "errors": []
      }
    },
    "test_settings_endpoints": {
      "tests_run": 14,
      "failures": 1,
      "errors": 0,
      "passed": 13,
      "details": {
        "failures": [
          {
            "test": "test_post_settings_input_files_directory (test_settings_endpoints.TestSettingsEndpoints)",
            "error": "Traceback (most recent call last):\n  File \"/home/acarlos/Dropbox/RedHat/Ansible/projetos/ansible_jinja2_playground/tests/test_settings_endpoints.py\", line 131, in test_post_settings_input_files_directory\n    self.assertEqual(response['status_code'], 200)\nAssertionError: 400 != 200\n\nStderr:\n127.0.0.1 - - [08/Aug/2025 12:27:13] \"POST /settings HTTP/1.1\" 400 -\n"
          }
        ],
        "errors": []
      }
    },
    "test_input_files_endpoints": {
      "tests_run": 12,
      "failures": 2,
      "errors": 0,
      "passed": 10,
      "details": {
        "failures": [
          {
            "test": "test_get_input_file_content_directory_request (test_input_files_endpoints.TestInputFilesEndpoints)",
            "error": "Traceback (most recent call last):\n  File \"/home/acarlos/Dropbox/RedHat/Ansible/projetos/ansible_jinja2_playground/tests/test_input_files_endpoints.py\", line 122, in test_get_input_file_content_directory_request\n    self.assertEqual(response['status_code'], 404)\nAssertionError: 403 != 404\n\nStderr:\n127.0.0.1 - - [08/Aug/2025 12:27:13] code 403, message Access denied - path traversal detected\n127.0.0.1 - - [08/Aug/2025 12:27:13] \"GET /input-file-content?filename=. HTTP/1.1\" 403 -\n"
          },
          {
            "test": "test_get_input_files_empty_directory (test_input_files_endpoints.TestInputFilesEndpoints)",
            "error": "Traceback (most recent call last):\n  File \"/home/acarlos/Dropbox/RedHat/Ansible/projetos/ansible_jinja2_playground/tests/test_input_files_endpoints.py\", line 38, in test_get_input_files_empty_directory\n    self.assertEqual(files, [])\nAssertionError: Lists differ: ['test.json', 'test.yaml'] != []\n\nFirst list contains 2 additional elements.\nFirst extra element 0:\n'test.json'\n\n- ['test.json', 'test.yaml']\n+ []\n\nStderr:\n127.0.0.1 - - [08/Aug/2025 12:27:13] \"POST /settings HTTP/1.1\" 400 -\n127.0.0.1 - - [08/Aug/2025 12:27:13] \"GET /input-files HTTP/1.1\" 200 -\n"
          }
        ],
        "errors": []
      }
    },
    "test_render": {
      "tests_run": 21,
      "failures": 0,
      "errors": 0,
      "passed": 21,
      "details": {
        "failures": [],
        "errors": []
      }
    },
    "test_404": {
      "tests_run": 5,
      "failures": 0,
      "errors": 0,
      "passed": 5,
      "details": {
        "failures": [],
        "errors": []
      }
    }
  },
  "duration": 3.58
}