Test Execution Report - 2025-08-08T12:17:10.219300
======================================================================

ðŸ“¦ Module: test_main_page
----------------------------------------
Tests run: 3
Passed: 3
Failed: 0
Errors: 0

Detailed output:
test_get_main_page_contains_required_elements (test_main_page.TestMainPageEndpoint)
Test that main page contains required HTML elements ... ok
test_get_main_page_encoding (test_main_page.TestMainPageEndpoint)
Test that main page is properly UTF-8 encoded ... ok
test_get_main_page_returns_html (test_main_page.TestMainPageEndpoint)
Test that GET / returns HTML page ... ok

----------------------------------------------------------------------
Ran 3 tests in 0.604s

OK


ðŸ“¦ Module: test_history_endpoints
----------------------------------------
Tests run: 10
Passed: 8
Failed: 1
Errors: 1

Detailed output:
test_get_history_empty (test_history_endpoints.TestHistoryEndpoints)
Test GET /history with empty history ... ERROR
test_get_history_maxsize (test_history_endpoints.TestHistoryEndpoints)
Test GET /history/maxsize ... ok
test_get_history_size_empty (test_history_endpoints.TestHistoryEndpoints)
Test GET /history/size with empty history ... ok
test_get_history_size_with_data (test_history_endpoints.TestHistoryEndpoints)
Test GET /history/size with data ... ok
test_get_history_with_data (test_history_endpoints.TestHistoryEndpoints)
Test GET /history with data ... ok
test_history_order_chronological_reverse (test_history_endpoints.TestHistoryEndpoints)
Test that history is returned in reverse chronological order ... FAIL
test_post_history_clear_all (test_history_endpoints.TestHistoryEndpoints)
Test POST /history/clear without count parameter ... ok
test_post_history_clear_excessive_count (test_history_endpoints.TestHistoryEndpoints)
Test POST /history/clear with count greater than available ... ok
test_post_history_clear_invalid_count (test_history_endpoints.TestHistoryEndpoints)
Test POST /history/clear with invalid count ... ok
test_post_history_clear_with_count (test_history_endpoints.TestHistoryEndpoints)
Test POST /history/clear with count parameter ... ok

======================================================================
ERROR: test_get_history_empty (test_history_endpoints.TestHistoryEndpoints)
Test GET /history with empty history
----------------------------------------------------------------------
Traceback (most recent call last):
  File "/home/acarlos/Dropbox/RedHat/Ansible/projetos/ansible_jinja2_playground/tests/test_history_endpoints.py", line 26, in test_get_history_empty
    self.assertEqual(response['headers']['Content-Type'], 'application/json')
KeyError: 'Content-Type'

Stderr:
127.0.0.1 - - [08/Aug/2025 12:17:11] "POST /history/clear HTTP/1.1" 200 -
127.0.0.1 - - [08/Aug/2025 12:17:11] "GET /history HTTP/1.1" 200 -

======================================================================
FAIL: test_history_order_chronological_reverse (test_history_endpoints.TestHistoryEndpoints)
Test that history is returned in reverse chronological order
----------------------------------------------------------------------
Traceback (most recent call last):
  File "/home/acarlos/Dropbox/RedHat/Ansible/projetos/ansible_jinja2_playground/tests/test_history_endpoints.py", line 214, in test_history_order_chronological_reverse
    self.assertEqual(timestamps, sorted(timestamps, reverse=True))
AssertionError: Lists differ: ['202[13 chars]:11.143774Z', '2025-08-08T15:17:11.154813Z', '[24 chars]40Z'] != ['202[13 chars]:11.165740Z', '2025-08-08T15:17:11.154813Z', '[24 chars]74Z']

First differing element 0:
'2025-08-08T15:17:11.143774Z'
'2025-08-08T15:17:11.165740Z'

- ['2025-08-08T15:17:11.143774Z',
?                        ^^^

+ ['2025-08-08T15:17:11.165740Z',
?                        ^^  +

   '2025-08-08T15:17:11.154813Z',
-  '2025-08-08T15:17:11.165740Z']
?                        ^^  -

+  '2025-08-08T15:17:11.143774Z']
?                        ^^^


Stderr:
127.0.0.1 - - [08/Aug/2025 12:17:11] "POST /history/clear HTTP/1.1" 200 -
127.0.0.1 - - [08/Aug/2025 12:17:11] "POST /render HTTP/1.1" 200 -
127.0.0.1 - - [08/Aug/2025 12:17:11] "POST /render HTTP/1.1" 200 -
127.0.0.1 - - [08/Aug/2025 12:17:11] "POST /render HTTP/1.1" 200 -
127.0.0.1 - - [08/Aug/2025 12:17:11] "GET /history HTTP/1.1" 200 -

----------------------------------------------------------------------
Ran 10 tests in 0.653s

FAILED (failures=1, errors=1)


FAILURE: test_history_order_chronological_reverse (test_history_endpoints.TestHistoryEndpoints)
Traceback (most recent call last):
  File "/home/acarlos/Dropbox/RedHat/Ansible/projetos/ansible_jinja2_playground/tests/test_history_endpoints.py", line 214, in test_history_order_chronological_reverse
    self.assertEqual(timestamps, sorted(timestamps, reverse=True))
AssertionError: Lists differ: ['202[13 chars]:11.143774Z', '2025-08-08T15:17:11.154813Z', '[24 chars]40Z'] != ['202[13 chars]:11.165740Z', '2025-08-08T15:17:11.154813Z', '[24 chars]74Z']

First differing element 0:
'2025-08-08T15:17:11.143774Z'
'2025-08-08T15:17:11.165740Z'

- ['2025-08-08T15:17:11.143774Z',
?                        ^^^

+ ['2025-08-08T15:17:11.165740Z',
?                        ^^  +

   '2025-08-08T15:17:11.154813Z',
-  '2025-08-08T15:17:11.165740Z']
?                        ^^  -

+  '2025-08-08T15:17:11.143774Z']
?                        ^^^


Stderr:
127.0.0.1 - - [08/Aug/2025 12:17:11] "POST /history/clear HTTP/1.1" 200 -
127.0.0.1 - - [08/Aug/2025 12:17:11] "POST /render HTTP/1.1" 200 -
127.0.0.1 - - [08/Aug/2025 12:17:11] "POST /render HTTP/1.1" 200 -
127.0.0.1 - - [08/Aug/2025 12:17:11] "POST /render HTTP/1.1" 200 -
127.0.0.1 - - [08/Aug/2025 12:17:11] "GET /history HTTP/1.1" 200 -


ERROR: test_get_history_empty (test_history_endpoints.TestHistoryEndpoints)
Traceback (most recent call last):
  File "/home/acarlos/Dropbox/RedHat/Ansible/projetos/ansible_jinja2_playground/tests/test_history_endpoints.py", line 26, in test_get_history_empty
    self.assertEqual(response['headers']['Content-Type'], 'application/json')
KeyError: 'Content-Type'

Stderr:
127.0.0.1 - - [08/Aug/2025 12:17:11] "POST /history/clear HTTP/1.1" 200 -
127.0.0.1 - - [08/Aug/2025 12:17:11] "GET /history HTTP/1.1" 200 -


ðŸ“¦ Module: test_settings_endpoints
----------------------------------------
Tests run: 14
Passed: 7
Failed: 5
Errors: 2

Detailed output:
test_get_settings_history_section (test_settings_endpoints.TestSettingsEndpoints)
Test GET /settings with history section ... FAIL
test_get_settings_input_files_section (test_settings_endpoints.TestSettingsEndpoints)
Test GET /settings with input_files section ... FAIL
test_get_settings_invalid_section (test_settings_endpoints.TestSettingsEndpoints)
Test GET /settings with invalid section ... ok
test_get_settings_no_section (test_settings_endpoints.TestSettingsEndpoints)
Test GET /settings without section parameter ... FAIL
test_get_settings_server_section (test_settings_endpoints.TestSettingsEndpoints)
Test GET /settings with server section ... FAIL
test_get_settings_user_section (test_settings_endpoints.TestSettingsEndpoints)
Test GET /settings with user section ... ERROR
test_post_settings_history_max_entries (test_settings_endpoints.TestSettingsEndpoints)
Test POST /settings to update history max entries ... ok
test_post_settings_input_files_directory (test_settings_endpoints.TestSettingsEndpoints)
Test POST /settings to update input files directory ... FAIL
test_post_settings_input_files_invalid_directory (test_settings_endpoints.TestSettingsEndpoints)
Test POST /settings with invalid input directory ... ok
test_post_settings_missing_section (test_settings_endpoints.TestSettingsEndpoints)
Test POST /settings without section parameter ... ok
test_post_settings_multiple_values (test_settings_endpoints.TestSettingsEndpoints)
Test POST /settings with multiple settings at once ... ok
test_post_settings_server_section (test_settings_endpoints.TestSettingsEndpoints)
Test POST /settings to update server settings ... ok
test_post_settings_user_heights (test_settings_endpoints.TestSettingsEndpoints)
Test POST /settings to update user height settings ... ok
test_post_settings_user_theme (test_settings_endpoints.TestSettingsEndpoints)
Test POST /settings to update user theme ... ERROR

======================================================================
ERROR: test_get_settings_user_section (test_settings_endpoints.TestSettingsEndpoints)
Test GET /settings with user section
----------------------------------------------------------------------
Traceback (most recent call last):
  File "/home/acarlos/Dropbox/RedHat/Ansible/projetos/ansible_jinja2_playground/tests/test_settings_endpoints.py", line 20, in test_get_settings_user_section
    self.assertEqual(response['headers']['Content-Type'], 'application/json')
KeyError: 'Content-Type'

Stderr:
127.0.0.1 - - [08/Aug/2025 12:17:11] "GET /settings?section=user HTTP/1.1" 200 -

======================================================================
ERROR: test_post_settings_user_theme (test_settings_endpoints.TestSettingsEndpoints)
Test POST /settings to update user theme
----------------------------------------------------------------------
Traceback (most recent call last):
  File "/home/acarlos/Dropbox/RedHat/Ansible/projetos/ansible_jinja2_playground/tests/test_settings_endpoints.py", line 95, in test_post_settings_user_theme
    self.assertEqual(data['user']['theme'], 'light')
KeyError: 'user'

Stderr:
127.0.0.1 - - [08/Aug/2025 12:17:11] "POST /settings HTTP/1.1" 200 -
127.0.0.1 - - [08/Aug/2025 12:17:11] "GET /settings?section=user HTTP/1.1" 200 -

======================================================================
FAIL: test_get_settings_history_section (test_settings_endpoints.TestSettingsEndpoints)
Test GET /settings with history section
----------------------------------------------------------------------
Traceback (most recent call last):
  File "/home/acarlos/Dropbox/RedHat/Ansible/projetos/ansible_jinja2_playground/tests/test_settings_endpoints.py", line 50, in test_get_settings_history_section
    self.assertIn('history', data)
AssertionError: 'history' not found in {'max_entries': '1000'}

Stderr:
127.0.0.1 - - [08/Aug/2025 12:17:11] "GET /settings?section=history HTTP/1.1" 200 -

======================================================================
FAIL: test_get_settings_input_files_section (test_settings_endpoints.TestSettingsEndpoints)
Test GET /settings with input_files section
----------------------------------------------------------------------
Traceback (most recent call last):
  File "/home/acarlos/Dropbox/RedHat/Ansible/projetos/ansible_jinja2_playground/tests/test_settings_endpoints.py", line 61, in test_get_settings_input_files_section
    self.assertIn('input_files', data)
AssertionError: 'input_files' not found in {'directory': '/tmp/tmpxaglx27w/inputs'}

Stderr:
127.0.0.1 - - [08/Aug/2025 12:17:11] "GET /settings?section=input_files HTTP/1.1" 200 -

======================================================================
FAIL: test_get_settings_no_section (test_settings_endpoints.TestSettingsEndpoints)
Test GET /settings without section parameter
----------------------------------------------------------------------
Traceback (most recent call last):
  File "/home/acarlos/Dropbox/RedHat/Ansible/projetos/ansible_jinja2_playground/tests/test_settings_endpoints.py", line 77, in test_get_settings_no_section
    self.assertEqual(response['status_code'], 400)
AssertionError: 200 != 400

Stderr:
127.0.0.1 - - [08/Aug/2025 12:17:11] "GET /settings HTTP/1.1" 200 -

======================================================================
FAIL: test_get_settings_server_section (test_settings_endpoints.TestSettingsEndpoints)
Test GET /settings with server section
----------------------------------------------------------------------
Traceback (most recent call last):
  File "/home/acarlos/Dropbox/RedHat/Ansible/projetos/ansible_jinja2_playground/tests/test_settings_endpoints.py", line 38, in test_get_settings_server_section
    self.assertIn('server', data)
AssertionError: 'server' not found in {'host': '127.0.0.1', 'port': '0'}

Stderr:
127.0.0.1 - - [08/Aug/2025 12:17:11] "GET /settings?section=server HTTP/1.1" 200 -

======================================================================
FAIL: test_post_settings_input_files_directory (test_settings_endpoints.TestSettingsEndpoints)
Test POST /settings to update input files directory
----------------------------------------------------------------------
Traceback (most recent call last):
  File "/home/acarlos/Dropbox/RedHat/Ansible/projetos/ansible_jinja2_playground/tests/test_settings_endpoints.py", line 130, in test_post_settings_input_files_directory
    self.assertEqual(response['status_code'], 200)
AssertionError: 400 != 200

Stderr:
127.0.0.1 - - [08/Aug/2025 12:17:11] "POST /settings HTTP/1.1" 400 -

----------------------------------------------------------------------
Ran 14 tests in 0.610s

FAILED (failures=5, errors=2)


FAILURE: test_get_settings_history_section (test_settings_endpoints.TestSettingsEndpoints)
Traceback (most recent call last):
  File "/home/acarlos/Dropbox/RedHat/Ansible/projetos/ansible_jinja2_playground/tests/test_settings_endpoints.py", line 50, in test_get_settings_history_section
    self.assertIn('history', data)
AssertionError: 'history' not found in {'max_entries': '1000'}

Stderr:
127.0.0.1 - - [08/Aug/2025 12:17:11] "GET /settings?section=history HTTP/1.1" 200 -


FAILURE: test_get_settings_input_files_section (test_settings_endpoints.TestSettingsEndpoints)
Traceback (most recent call last):
  File "/home/acarlos/Dropbox/RedHat/Ansible/projetos/ansible_jinja2_playground/tests/test_settings_endpoints.py", line 61, in test_get_settings_input_files_section
    self.assertIn('input_files', data)
AssertionError: 'input_files' not found in {'directory': '/tmp/tmpxaglx27w/inputs'}

Stderr:
127.0.0.1 - - [08/Aug/2025 12:17:11] "GET /settings?section=input_files HTTP/1.1" 200 -


FAILURE: test_get_settings_no_section (test_settings_endpoints.TestSettingsEndpoints)
Traceback (most recent call last):
  File "/home/acarlos/Dropbox/RedHat/Ansible/projetos/ansible_jinja2_playground/tests/test_settings_endpoints.py", line 77, in test_get_settings_no_section
    self.assertEqual(response['status_code'], 400)
AssertionError: 200 != 400

Stderr:
127.0.0.1 - - [08/Aug/2025 12:17:11] "GET /settings HTTP/1.1" 200 -


FAILURE: test_get_settings_server_section (test_settings_endpoints.TestSettingsEndpoints)
Traceback (most recent call last):
  File "/home/acarlos/Dropbox/RedHat/Ansible/projetos/ansible_jinja2_playground/tests/test_settings_endpoints.py", line 38, in test_get_settings_server_section
    self.assertIn('server', data)
AssertionError: 'server' not found in {'host': '127.0.0.1', 'port': '0'}

Stderr:
127.0.0.1 - - [08/Aug/2025 12:17:11] "GET /settings?section=server HTTP/1.1" 200 -


FAILURE: test_post_settings_input_files_directory (test_settings_endpoints.TestSettingsEndpoints)
Traceback (most recent call last):
  File "/home/acarlos/Dropbox/RedHat/Ansible/projetos/ansible_jinja2_playground/tests/test_settings_endpoints.py", line 130, in test_post_settings_input_files_directory
    self.assertEqual(response['status_code'], 200)
AssertionError: 400 != 200

Stderr:
127.0.0.1 - - [08/Aug/2025 12:17:11] "POST /settings HTTP/1.1" 400 -


ERROR: test_get_settings_user_section (test_settings_endpoints.TestSettingsEndpoints)
Traceback (most recent call last):
  File "/home/acarlos/Dropbox/RedHat/Ansible/projetos/ansible_jinja2_playground/tests/test_settings_endpoints.py", line 20, in test_get_settings_user_section
    self.assertEqual(response['headers']['Content-Type'], 'application/json')
KeyError: 'Content-Type'

Stderr:
127.0.0.1 - - [08/Aug/2025 12:17:11] "GET /settings?section=user HTTP/1.1" 200 -


ERROR: test_post_settings_user_theme (test_settings_endpoints.TestSettingsEndpoints)
Traceback (most recent call last):
  File "/home/acarlos/Dropbox/RedHat/Ansible/projetos/ansible_jinja2_playground/tests/test_settings_endpoints.py", line 95, in test_post_settings_user_theme
    self.assertEqual(data['user']['theme'], 'light')
KeyError: 'user'

Stderr:
127.0.0.1 - - [08/Aug/2025 12:17:11] "POST /settings HTTP/1.1" 200 -
127.0.0.1 - - [08/Aug/2025 12:17:11] "GET /settings?section=user HTTP/1.1" 200 -


ðŸ“¦ Module: test_input_files_endpoints
----------------------------------------
Tests run: 12
Passed: 6
Failed: 5
Errors: 1

Detailed output:
test_get_input_file_content_absolute_path (test_input_files_endpoints.TestInputFilesEndpoints)
Test GET /input-file-content with absolute path attempt ... ok
test_get_input_file_content_directory_request (test_input_files_endpoints.TestInputFilesEndpoints)
Test GET /input-file-content requesting a directory ... FAIL
test_get_input_file_content_empty_filename (test_input_files_endpoints.TestInputFilesEndpoints)
Test GET /input-file-content with empty filename ... ok
test_get_input_file_content_json (test_input_files_endpoints.TestInputFilesEndpoints)
Test GET /input-file-content for JSON file ... FAIL
test_get_input_file_content_loop_example (test_input_files_endpoints.TestInputFilesEndpoints)
Test GET /input-file-content for loop example file ... FAIL
test_get_input_file_content_missing_filename (test_input_files_endpoints.TestInputFilesEndpoints)
Test GET /input-file-content without filename parameter ... ok
test_get_input_file_content_nonexistent_file (test_input_files_endpoints.TestInputFilesEndpoints)
Test GET /input-file-content for non-existent file ... ok
test_get_input_file_content_path_traversal_attack (test_input_files_endpoints.TestInputFilesEndpoints)
Test GET /input-file-content with path traversal attempt ... ok
test_get_input_file_content_path_traversal_encoded (test_input_files_endpoints.TestInputFilesEndpoints)
Test GET /input-file-content with encoded path traversal ... ok
test_get_input_file_content_yaml (test_input_files_endpoints.TestInputFilesEndpoints)
Test GET /input-file-content for YAML file ... FAIL
test_get_input_files_empty_directory (test_input_files_endpoints.TestInputFilesEndpoints)
Test GET /input-files with empty directory ... FAIL
test_get_input_files_list (test_input_files_endpoints.TestInputFilesEndpoints)
Test GET /input-files returns list of available files ... ERROR

======================================================================
ERROR: test_get_input_files_list (test_input_files_endpoints.TestInputFilesEndpoints)
Test GET /input-files returns list of available files
----------------------------------------------------------------------
Traceback (most recent call last):
  File "/home/acarlos/Dropbox/RedHat/Ansible/projetos/ansible_jinja2_playground/tests/test_input_files_endpoints.py", line 20, in test_get_input_files_list
    self.assertEqual(response['headers']['Content-Type'], 'application/json')
KeyError: 'Content-Type'

Stderr:
127.0.0.1 - - [08/Aug/2025 12:17:12] "GET /input-files HTTP/1.1" 200 -

======================================================================
FAIL: test_get_input_file_content_directory_request (test_input_files_endpoints.TestInputFilesEndpoints)
Test GET /input-file-content requesting a directory
----------------------------------------------------------------------
Traceback (most recent call last):
  File "/home/acarlos/Dropbox/RedHat/Ansible/projetos/ansible_jinja2_playground/tests/test_input_files_endpoints.py", line 111, in test_get_input_file_content_directory_request
    self.assertEqual(response['status_code'], 404)
AssertionError: 403 != 404

Stderr:
127.0.0.1 - - [08/Aug/2025 12:17:12] code 403, message Access denied - path traversal detected
127.0.0.1 - - [08/Aug/2025 12:17:12] "GET /input-file-content?filename=. HTTP/1.1" 403 -

======================================================================
FAIL: test_get_input_file_content_json (test_input_files_endpoints.TestInputFilesEndpoints)
Test GET /input-file-content for JSON file
----------------------------------------------------------------------
Traceback (most recent call last):
  File "/home/acarlos/Dropbox/RedHat/Ansible/projetos/ansible_jinja2_playground/tests/test_input_files_endpoints.py", line 47, in test_get_input_file_content_json
    self.assertEqual(response['status_code'], 200)
AssertionError: 404 != 200

Stderr:
127.0.0.1 - - [08/Aug/2025 12:17:12] code 404, message File not found
127.0.0.1 - - [08/Aug/2025 12:17:12] "GET /input-file-content?filename=sample.json HTTP/1.1" 404 -

======================================================================
FAIL: test_get_input_file_content_loop_example (test_input_files_endpoints.TestInputFilesEndpoints)
Test GET /input-file-content for loop example file
----------------------------------------------------------------------
Traceback (most recent call last):
  File "/home/acarlos/Dropbox/RedHat/Ansible/projetos/ansible_jinja2_playground/tests/test_input_files_endpoints.py", line 71, in test_get_input_file_content_loop_example
    self.assertEqual(response['status_code'], 200)
AssertionError: 404 != 200

Stderr:
127.0.0.1 - - [08/Aug/2025 12:17:12] code 404, message File not found
127.0.0.1 - - [08/Aug/2025 12:17:12] "GET /input-file-content?filename=loop_example.json HTTP/1.1" 404 -

======================================================================
FAIL: test_get_input_file_content_yaml (test_input_files_endpoints.TestInputFilesEndpoints)
Test GET /input-file-content for YAML file
----------------------------------------------------------------------
Traceback (most recent call last):
  File "/home/acarlos/Dropbox/RedHat/Ansible/projetos/ansible_jinja2_playground/tests/test_input_files_endpoints.py", line 59, in test_get_input_file_content_yaml
    self.assertEqual(response['status_code'], 200)
AssertionError: 404 != 200

Stderr:
127.0.0.1 - - [08/Aug/2025 12:17:12] code 404, message File not found
127.0.0.1 - - [08/Aug/2025 12:17:12] "GET /input-file-content?filename=sample.yaml HTTP/1.1" 404 -

======================================================================
FAIL: test_get_input_files_empty_directory (test_input_files_endpoints.TestInputFilesEndpoints)
Test GET /input-files with empty directory
----------------------------------------------------------------------
Traceback (most recent call last):
  File "/home/acarlos/Dropbox/RedHat/Ansible/projetos/ansible_jinja2_playground/tests/test_input_files_endpoints.py", line 42, in test_get_input_files_empty_directory
    self.assertEqual(files, [])
AssertionError: Lists differ: ['test.json', 'test.yaml'] != []

First list contains 2 additional elements.
First extra element 0:
'test.json'

- ['test.json', 'test.yaml']
+ []

Stderr:
127.0.0.1 - - [08/Aug/2025 12:17:12] "POST /settings HTTP/1.1" 400 -
127.0.0.1 - - [08/Aug/2025 12:17:12] "GET /input-files HTTP/1.1" 200 -

----------------------------------------------------------------------
Ran 12 tests in 0.608s

FAILED (failures=5, errors=1)


FAILURE: test_get_input_file_content_directory_request (test_input_files_endpoints.TestInputFilesEndpoints)
Traceback (most recent call last):
  File "/home/acarlos/Dropbox/RedHat/Ansible/projetos/ansible_jinja2_playground/tests/test_input_files_endpoints.py", line 111, in test_get_input_file_content_directory_request
    self.assertEqual(response['status_code'], 404)
AssertionError: 403 != 404

Stderr:
127.0.0.1 - - [08/Aug/2025 12:17:12] code 403, message Access denied - path traversal detected
127.0.0.1 - - [08/Aug/2025 12:17:12] "GET /input-file-content?filename=. HTTP/1.1" 403 -


FAILURE: test_get_input_file_content_json (test_input_files_endpoints.TestInputFilesEndpoints)
Traceback (most recent call last):
  File "/home/acarlos/Dropbox/RedHat/Ansible/projetos/ansible_jinja2_playground/tests/test_input_files_endpoints.py", line 47, in test_get_input_file_content_json
    self.assertEqual(response['status_code'], 200)
AssertionError: 404 != 200

Stderr:
127.0.0.1 - - [08/Aug/2025 12:17:12] code 404, message File not found
127.0.0.1 - - [08/Aug/2025 12:17:12] "GET /input-file-content?filename=sample.json HTTP/1.1" 404 -


FAILURE: test_get_input_file_content_loop_example (test_input_files_endpoints.TestInputFilesEndpoints)
Traceback (most recent call last):
  File "/home/acarlos/Dropbox/RedHat/Ansible/projetos/ansible_jinja2_playground/tests/test_input_files_endpoints.py", line 71, in test_get_input_file_content_loop_example
    self.assertEqual(response['status_code'], 200)
AssertionError: 404 != 200

Stderr:
127.0.0.1 - - [08/Aug/2025 12:17:12] code 404, message File not found
127.0.0.1 - - [08/Aug/2025 12:17:12] "GET /input-file-content?filename=loop_example.json HTTP/1.1" 404 -


FAILURE: test_get_input_file_content_yaml (test_input_files_endpoints.TestInputFilesEndpoints)
Traceback (most recent call last):
  File "/home/acarlos/Dropbox/RedHat/Ansible/projetos/ansible_jinja2_playground/tests/test_input_files_endpoints.py", line 59, in test_get_input_file_content_yaml
    self.assertEqual(response['status_code'], 200)
AssertionError: 404 != 200

Stderr:
127.0.0.1 - - [08/Aug/2025 12:17:12] code 404, message File not found
127.0.0.1 - - [08/Aug/2025 12:17:12] "GET /input-file-content?filename=sample.yaml HTTP/1.1" 404 -


FAILURE: test_get_input_files_empty_directory (test_input_files_endpoints.TestInputFilesEndpoints)
Traceback (most recent call last):
  File "/home/acarlos/Dropbox/RedHat/Ansible/projetos/ansible_jinja2_playground/tests/test_input_files_endpoints.py", line 42, in test_get_input_files_empty_directory
    self.assertEqual(files, [])
AssertionError: Lists differ: ['test.json', 'test.yaml'] != []

First list contains 2 additional elements.
First extra element 0:
'test.json'

- ['test.json', 'test.yaml']
+ []

Stderr:
127.0.0.1 - - [08/Aug/2025 12:17:12] "POST /settings HTTP/1.1" 400 -
127.0.0.1 - - [08/Aug/2025 12:17:12] "GET /input-files HTTP/1.1" 200 -


ERROR: test_get_input_files_list (test_input_files_endpoints.TestInputFilesEndpoints)
Traceback (most recent call last):
  File "/home/acarlos/Dropbox/RedHat/Ansible/projetos/ansible_jinja2_playground/tests/test_input_files_endpoints.py", line 20, in test_get_input_files_list
    self.assertEqual(response['headers']['Content-Type'], 'application/json')
KeyError: 'Content-Type'

Stderr:
127.0.0.1 - - [08/Aug/2025 12:17:12] "GET /input-files HTTP/1.1" 200 -


ðŸ“¦ Module: test_render
----------------------------------------
Tests run: 21
Passed: 21
Failed: 0
Errors: 0

Detailed output:
test_post_render_ansible_filters (test_render.TestRenderEndpoint)
Test POST /render with Ansible filters ... ok
test_post_render_complex_nested_data (test_render.TestRenderEndpoint)
Test POST /render with complex nested data structures ... ok
test_post_render_doesnt_save_empty_input_to_history (test_render.TestRenderEndpoint)
Test POST /render doesn't save empty input to history ... ok
test_post_render_empty_input (test_render.TestRenderEndpoint)
Test POST /render with empty input ... ok
test_post_render_invalid_jinja_syntax (test_render.TestRenderEndpoint)
Test POST /render with invalid Jinja2 syntax ... ok
test_post_render_invalid_json (test_render.TestRenderEndpoint)
Test POST /render with invalid JSON input ... ok
test_post_render_invalid_yaml (test_render.TestRenderEndpoint)
Test POST /render with invalid YAML input ... ok
test_post_render_json_output (test_render.TestRenderEndpoint)
Test POST /render that produces JSON output ... ok
test_post_render_loop_invalid_variable (test_render.TestRenderEndpoint)
Test POST /render with loop and invalid loop variable ... ok
test_post_render_loop_non_array_variable (test_render.TestRenderEndpoint)
Test POST /render with loop variable that's not an array ... ok
test_post_render_loop_with_data_prefix (test_render.TestRenderEndpoint)
Test POST /render with loop using 'data.' prefix ... ok
test_post_render_saves_to_history (test_render.TestRenderEndpoint)
Test POST /render saves entries to history ... ok
test_post_render_simple_json (test_render.TestRenderEndpoint)
Test POST /render with simple JSON input ... ok
test_post_render_undefined_variable (test_render.TestRenderEndpoint)
Test POST /render with undefined variable ... ok
test_post_render_unicode_characters (test_render.TestRenderEndpoint)
Test POST /render with Unicode characters ... ok
test_post_render_with_loop_enabled (test_render.TestRenderEndpoint)
Test POST /render with loop functionality ... ok
test_post_render_yaml_input (test_render.TestRenderEndpoint)
Test POST /render with YAML input ... ok
test_render_duplicate_prevention_consecutive (test_render.TestRenderEndpoint)
Test that consecutive identical render requests don't create duplicate history entries ... ok
test_render_duplicate_prevention_different_entries (test_render.TestRenderEndpoint)
Test that different render requests create separate history entries ... ok
test_render_duplicate_prevention_different_loop_settings (test_render.TestRenderEndpoint)
Test that same data with different loop settings creates different entries ... ok
test_render_duplicate_prevention_non_consecutive (test_render.TestRenderEndpoint)
Test that non-consecutive duplicate requests are saved ... ok

----------------------------------------------------------------------
Ran 21 tests in 0.629s

OK


ðŸ“¦ Module: test_404
----------------------------------------
Tests run: 5
Passed: 5
Failed: 0
Errors: 0

Detailed output:
test_get_invalid_endpoint (test_404.Test404Endpoint)
Test GET request to invalid endpoint returns 404 ... ok
test_get_nonexistent_nested_path (test_404.Test404Endpoint)
Test GET request to non-existent nested path ... ok
test_get_root_with_trailing_slash (test_404.Test404Endpoint)
Test GET request to root with trailing slash ... ok
test_post_invalid_endpoint (test_404.Test404Endpoint)
Test POST request to invalid endpoint returns 404 ... ok
test_put_method_not_allowed (test_404.Test404Endpoint)
Test PUT method (not implemented) to valid endpoint ... ok

----------------------------------------------------------------------
Ran 5 tests in 0.103s

OK


======================================================================
FINAL SUMMARY
======================================================================
Total tests: 65
Passed: 50
Failed: 11
Errors: 4
Duration: 3.42 seconds
Success rate: 76.9%